2025-10-11T10:24:01.814+08:00  INFO 17660 --- [ivos] [main] c.ivos.demo.geofenceTest.GeoQUeryTest    : Starting GeoQUeryTest using Java 17.0.16 with PID 17660 (started by snl19 in I:\20250820\jsd2507-ssm-advance\ivos)
2025-10-11T10:24:01.819+08:00 DEBUG 17660 --- [ivos] [main] c.ivos.demo.geofenceTest.GeoQUeryTest    : Running with Spring Boot v3.3.3, Spring v6.1.12
2025-10-11T10:24:01.820+08:00  INFO 17660 --- [ivos] [main] c.ivos.demo.geofenceTest.GeoQUeryTest    : No active profile set, falling back to 1 default profile: "default"
2025-10-11T10:24:03.435+08:00  INFO 17660 --- [ivos] [main] o.s.b.t.m.w.SpringBootMockServletContext : Initializing Spring TestDispatcherServlet ''
2025-10-11T10:24:03.435+08:00  INFO 17660 --- [ivos] [main] o.s.t.web.servlet.TestDispatcherServlet  : Initializing Servlet ''
2025-10-11T10:24:03.437+08:00  INFO 17660 --- [ivos] [main] o.s.t.web.servlet.TestDispatcherServlet  : Completed initialization in 1 ms
2025-10-11T10:24:03.470+08:00  INFO 17660 --- [ivos] [main] c.ivos.demo.geofenceTest.GeoQUeryTest    : Started GeoQUeryTest in 1.875 seconds (process running for 2.819)
2025-10-11T10:24:03.495+08:00  INFO 17660 --- [ivos] [main] com.zaxxer.hikari.HikariDataSource       : HikariPool-1 - Starting...
2025-10-11T10:24:03.665+08:00  INFO 17660 --- [ivos] [main] com.zaxxer.hikari.pool.HikariPool        : HikariPool-1 - Added connection com.mysql.cj.jdbc.ConnectionImpl@67fac095
2025-10-11T10:24:03.667+08:00  INFO 17660 --- [ivos] [main] com.zaxxer.hikari.HikariDataSource       : HikariPool-1 - Start completed.
2025-10-11T10:24:04.219+08:00 DEBUG 17660 --- [ivos] [main] c.i.d.g.controller.GeofenceController    : 控制器传参：GeofenceQuery(id=103, name=null, status=null)
2025-10-11T10:24:04.220+08:00 DEBUG 17660 --- [ivos] [main] c.i.d.g.s.implement.ServeImplement       : 业务层层面参数:GeofenceQuery(id=103, name=null, status=null)
2025-10-11T10:24:04.240+08:00 ERROR 17660 --- [ivos] [main] c.i.demo.base.exception.GlobalException  : RuntimeException:
### Error querying database.  Cause: org.apache.ibatis.builder.BuilderException: Error evaluating expression 'name != null AND name != '' '. Cause: org.apache.ibatis.ognl.ExpressionSyntaxException: Malformed OGNL expression: name != null AND name != ''  [org.apache.ibatis.ognl.ParseException: Encountered " <IDENT> "AND "" at line 1, column 14.
Was expecting one of:
    <EOF> 
    "," ...
    "=" ...
    "?" ...
    "||" ...
    "or" ...
    "&&" ...
    "and" ...
    "|" ...
    "bor" ...
    "^" ...
    "xor" ...
    "&" ...
    "band" ...
    "==" ...
    "eq" ...
    "!=" ...
    "neq" ...
    "<" ...
    "lt" ...
    ">" ...
    "gt" ...
    "<=" ...
    "lte" ...
    ">=" ...
    "gte" ...
    "in" ...
    "not" ...
    "<<" ...
    "shl" ...
    ">>" ...
    "shr" ...
    ">>>" ...
    "ushr" ...
    "+" ...
    "-" ...
    "*" ...
    "/" ...
    "%" ...
    "instanceof" ...
    "." ...
    "(" ...
    "[" ...
    <DYNAMIC_SUBSCRIPT> ...
    ]
### Cause: org.apache.ibatis.builder.BuilderException: Error evaluating expression 'name != null AND name != '' '. Cause: org.apache.ibatis.ognl.ExpressionSyntaxException: Malformed OGNL expression: name != null AND name != ''  [org.apache.ibatis.ognl.ParseException: Encountered " <IDENT> "AND "" at line 1, column 14.
Was expecting one of:
    <EOF> 
    "," ...
    "=" ...
    "?" ...
    "||" ...
    "or" ...
    "&&" ...
    "and" ...
    "|" ...
    "bor" ...
    "^" ...
    "xor" ...
    "&" ...
    "band" ...
    "==" ...
    "eq" ...
    "!=" ...
    "neq" ...
    "<" ...
    "lt" ...
    ">" ...
    "gt" ...
    "<=" ...
    "lte" ...
    ">=" ...
    "gte" ...
    "in" ...
    "not" ...
    "<<" ...
    "shl" ...
    ">>" ...
    "shr" ...
    ">>>" ...
    "ushr" ...
    "+" ...
    "-" ...
    "*" ...
    "/" ...
    "%" ...
    "instanceof" ...
    "." ...
    "(" ...
    "[" ...
    <DYNAMIC_SUBSCRIPT> ...
    ]
2025-10-11T10:24:04.290+08:00  INFO 17660 --- [ivos] [SpringApplicationShutdownHook] com.zaxxer.hikari.HikariDataSource       : HikariPool-1 - Shutdown initiated...
2025-10-11T10:24:04.296+08:00  INFO 17660 --- [ivos] [SpringApplicationShutdownHook] com.zaxxer.hikari.HikariDataSource       : HikariPool-1 - Shutdown completed.
2025-10-11T10:25:12.481+08:00  INFO 42312 --- [ivos] [main] c.ivos.demo.geofenceTest.GeoQUeryTest    : Starting GeoQUeryTest using Java 17.0.16 with PID 42312 (started by snl19 in I:\20250820\jsd2507-ssm-advance\ivos)
2025-10-11T10:25:12.481+08:00 DEBUG 42312 --- [ivos] [main] c.ivos.demo.geofenceTest.GeoQUeryTest    : Running with Spring Boot v3.3.3, Spring v6.1.12
2025-10-11T10:25:12.482+08:00  INFO 42312 --- [ivos] [main] c.ivos.demo.geofenceTest.GeoQUeryTest    : No active profile set, falling back to 1 default profile: "default"
2025-10-11T10:25:13.958+08:00  INFO 42312 --- [ivos] [main] o.s.b.t.m.w.SpringBootMockServletContext : Initializing Spring TestDispatcherServlet ''
2025-10-11T10:25:13.958+08:00  INFO 42312 --- [ivos] [main] o.s.t.web.servlet.TestDispatcherServlet  : Initializing Servlet ''
2025-10-11T10:25:13.960+08:00  INFO 42312 --- [ivos] [main] o.s.t.web.servlet.TestDispatcherServlet  : Completed initialization in 2 ms
2025-10-11T10:25:13.985+08:00  INFO 42312 --- [ivos] [main] c.ivos.demo.geofenceTest.GeoQUeryTest    : Started GeoQUeryTest in 1.742 seconds (process running for 2.492)
2025-10-11T10:25:14.013+08:00  INFO 42312 --- [ivos] [main] com.zaxxer.hikari.HikariDataSource       : HikariPool-1 - Starting...
2025-10-11T10:25:14.186+08:00  INFO 42312 --- [ivos] [main] com.zaxxer.hikari.pool.HikariPool        : HikariPool-1 - Added connection com.mysql.cj.jdbc.ConnectionImpl@640a8f93
2025-10-11T10:25:14.190+08:00  INFO 42312 --- [ivos] [main] com.zaxxer.hikari.HikariDataSource       : HikariPool-1 - Start completed.
2025-10-11T10:25:14.713+08:00 DEBUG 42312 --- [ivos] [main] c.i.d.g.controller.GeofenceController    : 控制器传参：GeofenceQuery(id=103, name=null, status=null)
2025-10-11T10:25:14.713+08:00 DEBUG 42312 --- [ivos] [main] c.i.d.g.s.implement.ServeImplement       : 业务层层面参数:GeofenceQuery(id=103, name=null, status=null)
2025-10-11T10:25:14.737+08:00 DEBUG 42312 --- [ivos] [main] c.i.d.g.mapper.GeoMapper.selectGeofence  : ==>  Preparing: SELECT id,name,status,position,create_time,update_time FROM geofence WHERE id = ?
2025-10-11T10:25:14.751+08:00 DEBUG 42312 --- [ivos] [main] c.i.d.g.mapper.GeoMapper.selectGeofence  : ==> Parameters: 103(Long)
2025-10-11T10:25:14.776+08:00 DEBUG 42312 --- [ivos] [main] c.i.d.g.mapper.GeoMapper.selectGeofence  : <==      Total: 1
2025-10-11T10:25:14.842+08:00  INFO 42312 --- [ivos] [SpringApplicationShutdownHook] com.zaxxer.hikari.HikariDataSource       : HikariPool-1 - Shutdown initiated...
2025-10-11T10:25:14.849+08:00  INFO 42312 --- [ivos] [SpringApplicationShutdownHook] com.zaxxer.hikari.HikariDataSource       : HikariPool-1 - Shutdown completed.
2025-10-11T10:25:38.404+08:00  INFO 16220 --- [ivos] [main] c.ivos.demo.geofenceTest.GeoQUeryTest    : Starting GeoQUeryTest using Java 17.0.16 with PID 16220 (started by snl19 in I:\20250820\jsd2507-ssm-advance\ivos)
2025-10-11T10:25:38.405+08:00 DEBUG 16220 --- [ivos] [main] c.ivos.demo.geofenceTest.GeoQUeryTest    : Running with Spring Boot v3.3.3, Spring v6.1.12
2025-10-11T10:25:38.406+08:00  INFO 16220 --- [ivos] [main] c.ivos.demo.geofenceTest.GeoQUeryTest    : No active profile set, falling back to 1 default profile: "default"
2025-10-11T10:25:39.871+08:00  INFO 16220 --- [ivos] [main] o.s.b.t.m.w.SpringBootMockServletContext : Initializing Spring TestDispatcherServlet ''
2025-10-11T10:25:39.872+08:00  INFO 16220 --- [ivos] [main] o.s.t.web.servlet.TestDispatcherServlet  : Initializing Servlet ''
2025-10-11T10:25:39.873+08:00  INFO 16220 --- [ivos] [main] o.s.t.web.servlet.TestDispatcherServlet  : Completed initialization in 1 ms
2025-10-11T10:25:39.905+08:00  INFO 16220 --- [ivos] [main] c.ivos.demo.geofenceTest.GeoQUeryTest    : Started GeoQUeryTest in 1.688 seconds (process running for 2.427)
2025-10-11T10:25:39.938+08:00  INFO 16220 --- [ivos] [main] com.zaxxer.hikari.HikariDataSource       : HikariPool-1 - Starting...
2025-10-11T10:25:40.098+08:00  INFO 16220 --- [ivos] [main] com.zaxxer.hikari.pool.HikariPool        : HikariPool-1 - Added connection com.mysql.cj.jdbc.ConnectionImpl@3b5da0b0
2025-10-11T10:25:40.100+08:00  INFO 16220 --- [ivos] [main] com.zaxxer.hikari.HikariDataSource       : HikariPool-1 - Start completed.
2025-10-11T10:25:40.620+08:00 DEBUG 16220 --- [ivos] [main] c.i.d.g.controller.GeofenceController    : 控制器传参：GeofenceQuery(id=null, name=化, status=null)
2025-10-11T10:25:40.621+08:00 DEBUG 16220 --- [ivos] [main] c.i.d.g.s.implement.ServeImplement       : 业务层层面参数:GeofenceQuery(id=null, name=化, status=null)
2025-10-11T10:25:40.644+08:00 DEBUG 16220 --- [ivos] [main] c.i.d.g.mapper.GeoMapper.selectGeofence  : ==>  Preparing: SELECT id,name,status,position,create_time,update_time FROM geofence WHERE name like CONCAT('%',?,'%')
2025-10-11T10:25:40.659+08:00 DEBUG 16220 --- [ivos] [main] c.i.d.g.mapper.GeoMapper.selectGeofence  : ==> Parameters: 化(String)
2025-10-11T10:25:40.680+08:00 DEBUG 16220 --- [ivos] [main] c.i.d.g.mapper.GeoMapper.selectGeofence  : <==      Total: 1
2025-10-11T10:25:40.748+08:00  INFO 16220 --- [ivos] [SpringApplicationShutdownHook] com.zaxxer.hikari.HikariDataSource       : HikariPool-1 - Shutdown initiated...
2025-10-11T10:25:40.755+08:00  INFO 16220 --- [ivos] [SpringApplicationShutdownHook] com.zaxxer.hikari.HikariDataSource       : HikariPool-1 - Shutdown completed.
2025-10-11T10:25:58.723+08:00  INFO 9000 --- [ivos] [main] c.ivos.demo.geofenceTest.GeoQUeryTest    : Starting GeoQUeryTest using Java 17.0.16 with PID 9000 (started by snl19 in I:\20250820\jsd2507-ssm-advance\ivos)
2025-10-11T10:25:58.724+08:00 DEBUG 9000 --- [ivos] [main] c.ivos.demo.geofenceTest.GeoQUeryTest    : Running with Spring Boot v3.3.3, Spring v6.1.12
2025-10-11T10:25:58.725+08:00  INFO 9000 --- [ivos] [main] c.ivos.demo.geofenceTest.GeoQUeryTest    : No active profile set, falling back to 1 default profile: "default"
2025-10-11T10:26:00.297+08:00  INFO 9000 --- [ivos] [main] o.s.b.t.m.w.SpringBootMockServletContext : Initializing Spring TestDispatcherServlet ''
2025-10-11T10:26:00.298+08:00  INFO 9000 --- [ivos] [main] o.s.t.web.servlet.TestDispatcherServlet  : Initializing Servlet ''
2025-10-11T10:26:00.299+08:00  INFO 9000 --- [ivos] [main] o.s.t.web.servlet.TestDispatcherServlet  : Completed initialization in 1 ms
2025-10-11T10:26:00.330+08:00  INFO 9000 --- [ivos] [main] c.ivos.demo.geofenceTest.GeoQUeryTest    : Started GeoQUeryTest in 1.8 seconds (process running for 2.551)
2025-10-11T10:26:00.356+08:00  INFO 9000 --- [ivos] [main] com.zaxxer.hikari.HikariDataSource       : HikariPool-1 - Starting...
2025-10-11T10:26:00.521+08:00  INFO 9000 --- [ivos] [main] com.zaxxer.hikari.pool.HikariPool        : HikariPool-1 - Added connection com.mysql.cj.jdbc.ConnectionImpl@5c8b10b4
2025-10-11T10:26:00.524+08:00  INFO 9000 --- [ivos] [main] com.zaxxer.hikari.HikariDataSource       : HikariPool-1 - Start completed.
2025-10-11T10:26:01.022+08:00 DEBUG 9000 --- [ivos] [main] c.i.d.g.controller.GeofenceController    : 控制器传参：GeofenceQuery(id=null, name=null, status=1)
2025-10-11T10:26:01.022+08:00 DEBUG 9000 --- [ivos] [main] c.i.d.g.s.implement.ServeImplement       : 业务层层面参数:GeofenceQuery(id=null, name=null, status=1)
2025-10-11T10:26:01.046+08:00 DEBUG 9000 --- [ivos] [main] c.i.d.g.mapper.GeoMapper.selectGeofence  : ==>  Preparing: SELECT id,name,status,position,create_time,update_time FROM geofence WHERE status = ?
2025-10-11T10:26:01.060+08:00 DEBUG 9000 --- [ivos] [main] c.i.d.g.mapper.GeoMapper.selectGeofence  : ==> Parameters: 1(String)
2025-10-11T10:26:01.082+08:00 DEBUG 9000 --- [ivos] [main] c.i.d.g.mapper.GeoMapper.selectGeofence  : <==      Total: 2
2025-10-11T10:26:01.145+08:00  INFO 9000 --- [ivos] [SpringApplicationShutdownHook] com.zaxxer.hikari.HikariDataSource       : HikariPool-1 - Shutdown initiated...
2025-10-11T10:26:01.154+08:00  INFO 9000 --- [ivos] [SpringApplicationShutdownHook] com.zaxxer.hikari.HikariDataSource       : HikariPool-1 - Shutdown completed.
2025-10-11T10:26:18.381+08:00  INFO 40432 --- [ivos] [main] c.ivos.demo.geofenceTest.GeoQUeryTest    : Starting GeoQUeryTest using Java 17.0.16 with PID 40432 (started by snl19 in I:\20250820\jsd2507-ssm-advance\ivos)
2025-10-11T10:26:18.382+08:00 DEBUG 40432 --- [ivos] [main] c.ivos.demo.geofenceTest.GeoQUeryTest    : Running with Spring Boot v3.3.3, Spring v6.1.12
2025-10-11T10:26:18.382+08:00  INFO 40432 --- [ivos] [main] c.ivos.demo.geofenceTest.GeoQUeryTest    : No active profile set, falling back to 1 default profile: "default"
2025-10-11T10:26:19.865+08:00  INFO 40432 --- [ivos] [main] o.s.b.t.m.w.SpringBootMockServletContext : Initializing Spring TestDispatcherServlet ''
2025-10-11T10:26:19.865+08:00  INFO 40432 --- [ivos] [main] o.s.t.web.servlet.TestDispatcherServlet  : Initializing Servlet ''
2025-10-11T10:26:19.866+08:00  INFO 40432 --- [ivos] [main] o.s.t.web.servlet.TestDispatcherServlet  : Completed initialization in 0 ms
2025-10-11T10:26:19.895+08:00  INFO 40432 --- [ivos] [main] c.ivos.demo.geofenceTest.GeoQUeryTest    : Started GeoQUeryTest in 1.708 seconds (process running for 2.45)
2025-10-11T10:26:19.916+08:00  INFO 40432 --- [ivos] [main] com.zaxxer.hikari.HikariDataSource       : HikariPool-1 - Starting...
2025-10-11T10:26:20.076+08:00  INFO 40432 --- [ivos] [main] com.zaxxer.hikari.pool.HikariPool        : HikariPool-1 - Added connection com.mysql.cj.jdbc.ConnectionImpl@20027c44
2025-10-11T10:26:20.078+08:00  INFO 40432 --- [ivos] [main] com.zaxxer.hikari.HikariDataSource       : HikariPool-1 - Start completed.
2025-10-11T10:26:20.576+08:00 DEBUG 40432 --- [ivos] [main] c.i.d.g.controller.GeofenceController    : 控制器传参：GeofenceQuery(id=null, name=null, status=0)
2025-10-11T10:26:20.576+08:00 DEBUG 40432 --- [ivos] [main] c.i.d.g.s.implement.ServeImplement       : 业务层层面参数:GeofenceQuery(id=null, name=null, status=0)
2025-10-11T10:26:20.600+08:00 DEBUG 40432 --- [ivos] [main] c.i.d.g.mapper.GeoMapper.selectGeofence  : ==>  Preparing: SELECT id,name,status,position,create_time,update_time FROM geofence WHERE status = ?
2025-10-11T10:26:20.614+08:00 DEBUG 40432 --- [ivos] [main] c.i.d.g.mapper.GeoMapper.selectGeofence  : ==> Parameters: 0(String)
2025-10-11T10:26:20.630+08:00 DEBUG 40432 --- [ivos] [main] c.i.d.g.mapper.GeoMapper.selectGeofence  : <==      Total: 2
2025-10-11T10:26:20.686+08:00  INFO 40432 --- [ivos] [SpringApplicationShutdownHook] com.zaxxer.hikari.HikariDataSource       : HikariPool-1 - Shutdown initiated...
2025-10-11T10:26:20.690+08:00  INFO 40432 --- [ivos] [SpringApplicationShutdownHook] com.zaxxer.hikari.HikariDataSource       : HikariPool-1 - Shutdown completed.
