2025-10-16T02:29:52.273+08:00  WARN 20452 --- [ivos] [HikariPool-1 housekeeper] com.zaxxer.hikari.pool.HikariPool        : HikariPool-1 - Thread starvation or clock leap detected (housekeeper delta=2h9m6s952ms984µs800ns).
2025-10-16T08:57:06.055+08:00  INFO 20328 --- [ivos] [main] com.ivos.demo.IvosApplication            : Starting IvosApplication using Java 17.0.16 with PID 20328 (I:\20250820\jsd2507-ssm-advance\ivos\target\classes started by snl19 in I:\20250820\jsd2507-ssm-advance)
2025-10-16T08:57:06.055+08:00 DEBUG 20328 --- [ivos] [main] com.ivos.demo.IvosApplication            : Running with Spring Boot v3.3.3, Spring v6.1.12
2025-10-16T08:57:06.064+08:00  INFO 20328 --- [ivos] [main] com.ivos.demo.IvosApplication            : No active profile set, falling back to 1 default profile: "default"
2025-10-16T08:57:07.000+08:00  INFO 20328 --- [ivos] [main] o.s.b.w.embedded.tomcat.TomcatWebServer  : Tomcat initialized with port 8080 (http)
2025-10-16T08:57:07.005+08:00  INFO 20328 --- [ivos] [main] o.apache.catalina.core.StandardService   : Starting service [Tomcat]
2025-10-16T08:57:07.005+08:00  INFO 20328 --- [ivos] [main] o.apache.catalina.core.StandardEngine    : Starting Servlet engine: [Apache Tomcat/10.1.28]
2025-10-16T08:57:07.060+08:00  INFO 20328 --- [ivos] [main] o.a.c.c.C.[Tomcat].[localhost].[/]       : Initializing Spring embedded WebApplicationContext
2025-10-16T08:57:07.064+08:00  INFO 20328 --- [ivos] [main] w.s.c.ServletWebServerApplicationContext : Root WebApplicationContext: initialization completed in 965 ms
2025-10-16T08:57:07.668+08:00  INFO 20328 --- [ivos] [main] o.s.b.w.embedded.tomcat.TomcatWebServer  : Tomcat started on port 8080 (http) with context path '/'
2025-10-16T08:57:07.674+08:00  INFO 20328 --- [ivos] [main] com.ivos.demo.IvosApplication            : Started IvosApplication in 1.973 seconds (process running for 2.36)
2025-10-16T08:58:03.542+08:00  INFO 20328 --- [ivos] [http-nio-8080-exec-5] o.a.c.c.C.[Tomcat].[localhost].[/]       : Initializing Spring DispatcherServlet 'dispatcherServlet'
2025-10-16T08:58:03.542+08:00  INFO 20328 --- [ivos] [http-nio-8080-exec-5] o.s.web.servlet.DispatcherServlet        : Initializing Servlet 'dispatcherServlet'
2025-10-16T08:58:03.543+08:00  INFO 20328 --- [ivos] [http-nio-8080-exec-5] o.s.web.servlet.DispatcherServlet        : Completed initialization in 1 ms
2025-10-16T08:58:03.608+08:00 DEBUG 20328 --- [ivos] [http-nio-8080-exec-5] c.i.d.u.userController.UserController    : 进入到用户查询功能模块……
2025-10-16T08:58:03.608+08:00 DEBUG 20328 --- [ivos] [http-nio-8080-exec-5] c.ivos.demo.user.impl.UserServiceImpl    : 进入到业务层面……
2025-10-16T08:58:03.683+08:00  INFO 20328 --- [ivos] [http-nio-8080-exec-5] com.zaxxer.hikari.HikariDataSource       : HikariPool-1 - Starting...
2025-10-16T08:58:04.039+08:00  INFO 20328 --- [ivos] [http-nio-8080-exec-5] com.zaxxer.hikari.pool.HikariPool        : HikariPool-1 - Added connection com.mysql.cj.jdbc.ConnectionImpl@5db98ad5
2025-10-16T08:58:04.041+08:00  INFO 20328 --- [ivos] [http-nio-8080-exec-5] com.zaxxer.hikari.HikariDataSource       : HikariPool-1 - Start completed.
2025-10-16T08:58:04.050+08:00 DEBUG 20328 --- [ivos] [http-nio-8080-exec-5] c.i.d.u.mapper.userMapper.findAllUsers   : ==>  Preparing: SELECT id,username,password,email,phone,age,gender,create_time,update_time,status,level,parent_id FROM user
2025-10-16T08:58:04.100+08:00 DEBUG 20328 --- [ivos] [http-nio-8080-exec-5] c.i.d.u.mapper.userMapper.findAllUsers   : ==> Parameters: 
2025-10-16T08:58:04.200+08:00 DEBUG 20328 --- [ivos] [http-nio-8080-exec-5] c.i.d.u.mapper.userMapper.findAllUsers   : <==      Total: 12
2025-10-16T08:58:09.387+08:00 DEBUG 20328 --- [ivos] [http-nio-8080-exec-7] c.i.d.u.userController.UserController    : 控制器接收参数:103
2025-10-16T08:58:09.387+08:00 DEBUG 20328 --- [ivos] [http-nio-8080-exec-7] c.ivos.demo.user.impl.UserServiceImpl    : 业务层参数:103
2025-10-16T08:58:09.387+08:00 DEBUG 20328 --- [ivos] [http-nio-8080-exec-2] c.i.d.a.c.ApplicationController          : 控制器参数:ApplicationQuery(id=null, departureAddr=, destinationAddr=, status=)
2025-10-16T08:58:09.389+08:00 DEBUG 20328 --- [ivos] [http-nio-8080-exec-7] c.i.d.user.mapper.userMapper.selectById  : ==>  Preparing: SELECT id,username,password,email,phone,age,gender,create_time,update_time,status,level,parent_id FROM user WHERE id=?
2025-10-16T08:58:09.389+08:00 DEBUG 20328 --- [ivos] [http-nio-8080-exec-7] c.i.d.user.mapper.userMapper.selectById  : ==> Parameters: 103(Long)
2025-10-16T08:58:09.393+08:00 DEBUG 20328 --- [ivos] [http-nio-8080-exec-7] c.i.d.user.mapper.userMapper.selectById  : <==      Total: 1
2025-10-16T08:58:09.394+08:00 DEBUG 20328 --- [ivos] [http-nio-8080-exec-7] c.i.d.user.mapper.userMapper.selectById  : ==>  Preparing: SELECT id,username,password,email,phone,age,gender,create_time,update_time,status,level,parent_id FROM user WHERE id=?
2025-10-16T08:58:09.394+08:00 DEBUG 20328 --- [ivos] [http-nio-8080-exec-7] c.i.d.user.mapper.userMapper.selectById  : ==> Parameters: 101(Long)
2025-10-16T08:58:09.398+08:00 DEBUG 20328 --- [ivos] [http-nio-8080-exec-2] c.i.d.a.s.i.ApplicationServiceImplement  : 业务层参数:ApplicationQuery(id=null, departureAddr=, destinationAddr=, status=)
2025-10-16T08:58:09.399+08:00 DEBUG 20328 --- [ivos] [http-nio-8080-exec-2] c.i.d.a.mapper.ApplicationMapper.query   : ==>  Preparing: SELECT id,username,start_time,end_time,departure_addr,destination_addr, reason,status FROM application
2025-10-16T08:58:09.399+08:00 DEBUG 20328 --- [ivos] [http-nio-8080-exec-7] c.i.d.user.mapper.userMapper.selectById  : <==      Total: 1
2025-10-16T08:58:09.399+08:00 DEBUG 20328 --- [ivos] [http-nio-8080-exec-2] c.i.d.a.mapper.ApplicationMapper.query   : ==> Parameters: 
2025-10-16T08:58:09.415+08:00 DEBUG 20328 --- [ivos] [http-nio-8080-exec-2] c.i.d.a.mapper.ApplicationMapper.query   : <==      Total: 15
2025-10-16T08:58:09.416+08:00 DEBUG 20328 --- [ivos] [http-nio-8080-exec-2] c.i.d.a.s.imp.AuditServiceImplement      : 业务层参数:101
2025-10-16T08:58:09.416+08:00 DEBUG 20328 --- [ivos] [http-nio-8080-exec-2] c.i.d.a.m.A.selectAuditByApplicationId   : ==>  Preparing: SELECT a.id,a.application_id,a.audit_user_id, a.audit_status,a.audit_sort,app.user_id,app.username, app.start_time,app.end_time,app.img_url,app.departure_addr, app.destination_addr,app.reason,app.remark,app.status,app.vehicle_id, app.reject_reason FROM audit AS a INNER JOIN application AS app ON a.application_id = app.id WHERE a.application_id = ?
2025-10-16T08:58:09.416+08:00 DEBUG 20328 --- [ivos] [http-nio-8080-exec-2] c.i.d.a.m.A.selectAuditByApplicationId   : ==> Parameters: 101(Long)
2025-10-16T08:58:09.416+08:00 DEBUG 20328 --- [ivos] [http-nio-8080-exec-2] c.i.d.a.m.A.selectAuditByApplicationId   : <==      Total: 2
2025-10-16T08:58:09.416+08:00 DEBUG 20328 --- [ivos] [http-nio-8080-exec-2] c.i.d.user.mapper.userMapper.selectById  : ==>  Preparing: SELECT id,username,password,email,phone,age,gender,create_time,update_time,status,level,parent_id FROM user WHERE id=?
2025-10-16T08:58:09.416+08:00 DEBUG 20328 --- [ivos] [http-nio-8080-exec-2] c.i.d.user.mapper.userMapper.selectById  : ==> Parameters: 106(Long)
2025-10-16T08:58:09.431+08:00 DEBUG 20328 --- [ivos] [http-nio-8080-exec-2] c.i.d.user.mapper.userMapper.selectById  : <==      Total: 1
2025-10-16T08:58:09.431+08:00 DEBUG 20328 --- [ivos] [http-nio-8080-exec-2] c.i.d.user.mapper.userMapper.selectById  : ==>  Preparing: SELECT id,username,password,email,phone,age,gender,create_time,update_time,status,level,parent_id FROM user WHERE id=?
2025-10-16T08:58:09.432+08:00 DEBUG 20328 --- [ivos] [http-nio-8080-exec-2] c.i.d.user.mapper.userMapper.selectById  : ==> Parameters: 103(Long)
2025-10-16T08:58:09.432+08:00 DEBUG 20328 --- [ivos] [http-nio-8080-exec-2] c.i.d.user.mapper.userMapper.selectById  : <==      Total: 1
2025-10-16T08:58:09.432+08:00 DEBUG 20328 --- [ivos] [http-nio-8080-exec-2] c.i.d.a.s.imp.AuditServiceImplement      : 业务层参数:102
2025-10-16T08:58:09.432+08:00 DEBUG 20328 --- [ivos] [http-nio-8080-exec-2] c.i.d.a.m.A.selectAuditByApplicationId   : ==>  Preparing: SELECT a.id,a.application_id,a.audit_user_id, a.audit_status,a.audit_sort,app.user_id,app.username, app.start_time,app.end_time,app.img_url,app.departure_addr, app.destination_addr,app.reason,app.remark,app.status,app.vehicle_id, app.reject_reason FROM audit AS a INNER JOIN application AS app ON a.application_id = app.id WHERE a.application_id = ?
2025-10-16T08:58:09.432+08:00 DEBUG 20328 --- [ivos] [http-nio-8080-exec-2] c.i.d.a.m.A.selectAuditByApplicationId   : ==> Parameters: 102(Long)
2025-10-16T08:58:09.432+08:00 DEBUG 20328 --- [ivos] [http-nio-8080-exec-2] c.i.d.a.m.A.selectAuditByApplicationId   : <==      Total: 2
2025-10-16T08:58:09.432+08:00 DEBUG 20328 --- [ivos] [http-nio-8080-exec-2] c.i.d.a.s.imp.AuditServiceImplement      : 业务层参数:103
2025-10-16T08:58:09.432+08:00 DEBUG 20328 --- [ivos] [http-nio-8080-exec-2] c.i.d.a.m.A.selectAuditByApplicationId   : ==>  Preparing: SELECT a.id,a.application_id,a.audit_user_id, a.audit_status,a.audit_sort,app.user_id,app.username, app.start_time,app.end_time,app.img_url,app.departure_addr, app.destination_addr,app.reason,app.remark,app.status,app.vehicle_id, app.reject_reason FROM audit AS a INNER JOIN application AS app ON a.application_id = app.id WHERE a.application_id = ?
2025-10-16T08:58:09.432+08:00 DEBUG 20328 --- [ivos] [http-nio-8080-exec-2] c.i.d.a.m.A.selectAuditByApplicationId   : ==> Parameters: 103(Long)
2025-10-16T08:58:09.432+08:00 DEBUG 20328 --- [ivos] [http-nio-8080-exec-2] c.i.d.a.m.A.selectAuditByApplicationId   : <==      Total: 2
2025-10-16T08:58:09.432+08:00 DEBUG 20328 --- [ivos] [http-nio-8080-exec-2] c.i.d.a.s.imp.AuditServiceImplement      : 业务层参数:104
2025-10-16T08:58:09.432+08:00 DEBUG 20328 --- [ivos] [http-nio-8080-exec-2] c.i.d.a.m.A.selectAuditByApplicationId   : ==>  Preparing: SELECT a.id,a.application_id,a.audit_user_id, a.audit_status,a.audit_sort,app.user_id,app.username, app.start_time,app.end_time,app.img_url,app.departure_addr, app.destination_addr,app.reason,app.remark,app.status,app.vehicle_id, app.reject_reason FROM audit AS a INNER JOIN application AS app ON a.application_id = app.id WHERE a.application_id = ?
2025-10-16T08:58:09.446+08:00 DEBUG 20328 --- [ivos] [http-nio-8080-exec-2] c.i.d.a.m.A.selectAuditByApplicationId   : ==> Parameters: 104(Long)
2025-10-16T08:58:09.448+08:00 DEBUG 20328 --- [ivos] [http-nio-8080-exec-2] c.i.d.a.m.A.selectAuditByApplicationId   : <==      Total: 2
2025-10-16T08:58:09.449+08:00 DEBUG 20328 --- [ivos] [http-nio-8080-exec-2] c.i.d.user.mapper.userMapper.selectById  : ==>  Preparing: SELECT id,username,password,email,phone,age,gender,create_time,update_time,status,level,parent_id FROM user WHERE id=?
2025-10-16T08:58:09.449+08:00 DEBUG 20328 --- [ivos] [http-nio-8080-exec-2] c.i.d.user.mapper.userMapper.selectById  : ==> Parameters: 101(Long)
2025-10-16T08:58:09.449+08:00 DEBUG 20328 --- [ivos] [http-nio-8080-exec-2] c.i.d.user.mapper.userMapper.selectById  : <==      Total: 1
2025-10-16T08:58:09.449+08:00 DEBUG 20328 --- [ivos] [http-nio-8080-exec-2] c.i.d.a.s.imp.AuditServiceImplement      : 业务层参数:105
2025-10-16T08:58:09.449+08:00 DEBUG 20328 --- [ivos] [http-nio-8080-exec-2] c.i.d.a.m.A.selectAuditByApplicationId   : ==>  Preparing: SELECT a.id,a.application_id,a.audit_user_id, a.audit_status,a.audit_sort,app.user_id,app.username, app.start_time,app.end_time,app.img_url,app.departure_addr, app.destination_addr,app.reason,app.remark,app.status,app.vehicle_id, app.reject_reason FROM audit AS a INNER JOIN application AS app ON a.application_id = app.id WHERE a.application_id = ?
2025-10-16T08:58:09.449+08:00 DEBUG 20328 --- [ivos] [http-nio-8080-exec-2] c.i.d.a.m.A.selectAuditByApplicationId   : ==> Parameters: 105(Long)
2025-10-16T08:58:09.449+08:00 DEBUG 20328 --- [ivos] [http-nio-8080-exec-2] c.i.d.a.m.A.selectAuditByApplicationId   : <==      Total: 2
2025-10-16T08:58:09.449+08:00 DEBUG 20328 --- [ivos] [http-nio-8080-exec-2] c.i.d.a.s.imp.AuditServiceImplement      : 业务层参数:106
2025-10-16T08:58:09.449+08:00 DEBUG 20328 --- [ivos] [http-nio-8080-exec-2] c.i.d.a.m.A.selectAuditByApplicationId   : ==>  Preparing: SELECT a.id,a.application_id,a.audit_user_id, a.audit_status,a.audit_sort,app.user_id,app.username, app.start_time,app.end_time,app.img_url,app.departure_addr, app.destination_addr,app.reason,app.remark,app.status,app.vehicle_id, app.reject_reason FROM audit AS a INNER JOIN application AS app ON a.application_id = app.id WHERE a.application_id = ?
2025-10-16T08:58:09.449+08:00 DEBUG 20328 --- [ivos] [http-nio-8080-exec-2] c.i.d.a.m.A.selectAuditByApplicationId   : ==> Parameters: 106(Long)
2025-10-16T08:58:09.449+08:00 DEBUG 20328 --- [ivos] [http-nio-8080-exec-2] c.i.d.a.m.A.selectAuditByApplicationId   : <==      Total: 1
2025-10-16T08:58:09.449+08:00 DEBUG 20328 --- [ivos] [http-nio-8080-exec-2] c.i.d.a.s.imp.AuditServiceImplement      : 业务层参数:107
2025-10-16T08:58:09.449+08:00 DEBUG 20328 --- [ivos] [http-nio-8080-exec-2] c.i.d.a.m.A.selectAuditByApplicationId   : ==>  Preparing: SELECT a.id,a.application_id,a.audit_user_id, a.audit_status,a.audit_sort,app.user_id,app.username, app.start_time,app.end_time,app.img_url,app.departure_addr, app.destination_addr,app.reason,app.remark,app.status,app.vehicle_id, app.reject_reason FROM audit AS a INNER JOIN application AS app ON a.application_id = app.id WHERE a.application_id = ?
2025-10-16T08:58:09.449+08:00 DEBUG 20328 --- [ivos] [http-nio-8080-exec-2] c.i.d.a.m.A.selectAuditByApplicationId   : ==> Parameters: 107(Long)
2025-10-16T08:58:09.464+08:00 DEBUG 20328 --- [ivos] [http-nio-8080-exec-2] c.i.d.a.m.A.selectAuditByApplicationId   : <==      Total: 0
2025-10-16T08:58:09.464+08:00 DEBUG 20328 --- [ivos] [http-nio-8080-exec-2] c.i.d.a.s.imp.AuditServiceImplement      : 业务层参数:108
2025-10-16T08:58:09.465+08:00 DEBUG 20328 --- [ivos] [http-nio-8080-exec-2] c.i.d.a.m.A.selectAuditByApplicationId   : ==>  Preparing: SELECT a.id,a.application_id,a.audit_user_id, a.audit_status,a.audit_sort,app.user_id,app.username, app.start_time,app.end_time,app.img_url,app.departure_addr, app.destination_addr,app.reason,app.remark,app.status,app.vehicle_id, app.reject_reason FROM audit AS a INNER JOIN application AS app ON a.application_id = app.id WHERE a.application_id = ?
2025-10-16T08:58:09.465+08:00 DEBUG 20328 --- [ivos] [http-nio-8080-exec-2] c.i.d.a.m.A.selectAuditByApplicationId   : ==> Parameters: 108(Long)
2025-10-16T08:58:09.465+08:00 DEBUG 20328 --- [ivos] [http-nio-8080-exec-2] c.i.d.a.m.A.selectAuditByApplicationId   : <==      Total: 0
2025-10-16T08:58:09.465+08:00 DEBUG 20328 --- [ivos] [http-nio-8080-exec-2] c.i.d.a.s.imp.AuditServiceImplement      : 业务层参数:109
2025-10-16T08:58:09.465+08:00 DEBUG 20328 --- [ivos] [http-nio-8080-exec-2] c.i.d.a.m.A.selectAuditByApplicationId   : ==>  Preparing: SELECT a.id,a.application_id,a.audit_user_id, a.audit_status,a.audit_sort,app.user_id,app.username, app.start_time,app.end_time,app.img_url,app.departure_addr, app.destination_addr,app.reason,app.remark,app.status,app.vehicle_id, app.reject_reason FROM audit AS a INNER JOIN application AS app ON a.application_id = app.id WHERE a.application_id = ?
2025-10-16T08:58:09.465+08:00 DEBUG 20328 --- [ivos] [http-nio-8080-exec-2] c.i.d.a.m.A.selectAuditByApplicationId   : ==> Parameters: 109(Long)
2025-10-16T08:58:09.465+08:00 DEBUG 20328 --- [ivos] [http-nio-8080-exec-2] c.i.d.a.m.A.selectAuditByApplicationId   : <==      Total: 0
2025-10-16T08:58:09.465+08:00 DEBUG 20328 --- [ivos] [http-nio-8080-exec-2] c.i.d.a.s.imp.AuditServiceImplement      : 业务层参数:110
2025-10-16T08:58:09.465+08:00 DEBUG 20328 --- [ivos] [http-nio-8080-exec-2] c.i.d.a.m.A.selectAuditByApplicationId   : ==>  Preparing: SELECT a.id,a.application_id,a.audit_user_id, a.audit_status,a.audit_sort,app.user_id,app.username, app.start_time,app.end_time,app.img_url,app.departure_addr, app.destination_addr,app.reason,app.remark,app.status,app.vehicle_id, app.reject_reason FROM audit AS a INNER JOIN application AS app ON a.application_id = app.id WHERE a.application_id = ?
2025-10-16T08:58:09.465+08:00 DEBUG 20328 --- [ivos] [http-nio-8080-exec-2] c.i.d.a.m.A.selectAuditByApplicationId   : ==> Parameters: 110(Long)
2025-10-16T08:58:09.465+08:00 DEBUG 20328 --- [ivos] [http-nio-8080-exec-2] c.i.d.a.m.A.selectAuditByApplicationId   : <==      Total: 0
2025-10-16T08:58:09.465+08:00 DEBUG 20328 --- [ivos] [http-nio-8080-exec-2] c.i.d.a.s.imp.AuditServiceImplement      : 业务层参数:111
2025-10-16T08:58:09.465+08:00 DEBUG 20328 --- [ivos] [http-nio-8080-exec-2] c.i.d.a.m.A.selectAuditByApplicationId   : ==>  Preparing: SELECT a.id,a.application_id,a.audit_user_id, a.audit_status,a.audit_sort,app.user_id,app.username, app.start_time,app.end_time,app.img_url,app.departure_addr, app.destination_addr,app.reason,app.remark,app.status,app.vehicle_id, app.reject_reason FROM audit AS a INNER JOIN application AS app ON a.application_id = app.id WHERE a.application_id = ?
2025-10-16T08:58:09.465+08:00 DEBUG 20328 --- [ivos] [http-nio-8080-exec-2] c.i.d.a.m.A.selectAuditByApplicationId   : ==> Parameters: 111(Long)
2025-10-16T08:58:09.465+08:00 DEBUG 20328 --- [ivos] [http-nio-8080-exec-2] c.i.d.a.m.A.selectAuditByApplicationId   : <==      Total: 0
2025-10-16T08:58:09.465+08:00 DEBUG 20328 --- [ivos] [http-nio-8080-exec-2] c.i.d.a.s.imp.AuditServiceImplement      : 业务层参数:112
2025-10-16T08:58:09.465+08:00 DEBUG 20328 --- [ivos] [http-nio-8080-exec-2] c.i.d.a.m.A.selectAuditByApplicationId   : ==>  Preparing: SELECT a.id,a.application_id,a.audit_user_id, a.audit_status,a.audit_sort,app.user_id,app.username, app.start_time,app.end_time,app.img_url,app.departure_addr, app.destination_addr,app.reason,app.remark,app.status,app.vehicle_id, app.reject_reason FROM audit AS a INNER JOIN application AS app ON a.application_id = app.id WHERE a.application_id = ?
2025-10-16T08:58:09.465+08:00 DEBUG 20328 --- [ivos] [http-nio-8080-exec-2] c.i.d.a.m.A.selectAuditByApplicationId   : ==> Parameters: 112(Long)
2025-10-16T08:58:09.465+08:00 DEBUG 20328 --- [ivos] [http-nio-8080-exec-2] c.i.d.a.m.A.selectAuditByApplicationId   : <==      Total: 0
2025-10-16T08:58:09.465+08:00 DEBUG 20328 --- [ivos] [http-nio-8080-exec-2] c.i.d.a.s.imp.AuditServiceImplement      : 业务层参数:113
2025-10-16T08:58:09.465+08:00 DEBUG 20328 --- [ivos] [http-nio-8080-exec-2] c.i.d.a.m.A.selectAuditByApplicationId   : ==>  Preparing: SELECT a.id,a.application_id,a.audit_user_id, a.audit_status,a.audit_sort,app.user_id,app.username, app.start_time,app.end_time,app.img_url,app.departure_addr, app.destination_addr,app.reason,app.remark,app.status,app.vehicle_id, app.reject_reason FROM audit AS a INNER JOIN application AS app ON a.application_id = app.id WHERE a.application_id = ?
2025-10-16T08:58:09.465+08:00 DEBUG 20328 --- [ivos] [http-nio-8080-exec-2] c.i.d.a.m.A.selectAuditByApplicationId   : ==> Parameters: 113(Long)
2025-10-16T08:58:09.483+08:00 DEBUG 20328 --- [ivos] [http-nio-8080-exec-2] c.i.d.a.m.A.selectAuditByApplicationId   : <==      Total: 2
2025-10-16T08:58:09.484+08:00 DEBUG 20328 --- [ivos] [http-nio-8080-exec-2] c.i.d.a.s.imp.AuditServiceImplement      : 业务层参数:114
2025-10-16T08:58:09.485+08:00 DEBUG 20328 --- [ivos] [http-nio-8080-exec-2] c.i.d.a.m.A.selectAuditByApplicationId   : ==>  Preparing: SELECT a.id,a.application_id,a.audit_user_id, a.audit_status,a.audit_sort,app.user_id,app.username, app.start_time,app.end_time,app.img_url,app.departure_addr, app.destination_addr,app.reason,app.remark,app.status,app.vehicle_id, app.reject_reason FROM audit AS a INNER JOIN application AS app ON a.application_id = app.id WHERE a.application_id = ?
2025-10-16T08:58:09.485+08:00 DEBUG 20328 --- [ivos] [http-nio-8080-exec-2] c.i.d.a.m.A.selectAuditByApplicationId   : ==> Parameters: 114(Long)
2025-10-16T08:58:09.489+08:00 DEBUG 20328 --- [ivos] [http-nio-8080-exec-2] c.i.d.a.m.A.selectAuditByApplicationId   : <==      Total: 2
2025-10-16T08:58:09.489+08:00 DEBUG 20328 --- [ivos] [http-nio-8080-exec-2] c.i.d.a.s.imp.AuditServiceImplement      : 业务层参数:115
2025-10-16T08:58:09.490+08:00 DEBUG 20328 --- [ivos] [http-nio-8080-exec-2] c.i.d.a.m.A.selectAuditByApplicationId   : ==>  Preparing: SELECT a.id,a.application_id,a.audit_user_id, a.audit_status,a.audit_sort,app.user_id,app.username, app.start_time,app.end_time,app.img_url,app.departure_addr, app.destination_addr,app.reason,app.remark,app.status,app.vehicle_id, app.reject_reason FROM audit AS a INNER JOIN application AS app ON a.application_id = app.id WHERE a.application_id = ?
2025-10-16T08:58:09.491+08:00 DEBUG 20328 --- [ivos] [http-nio-8080-exec-2] c.i.d.a.m.A.selectAuditByApplicationId   : ==> Parameters: 115(Long)
2025-10-16T08:58:09.497+08:00 DEBUG 20328 --- [ivos] [http-nio-8080-exec-2] c.i.d.a.m.A.selectAuditByApplicationId   : <==      Total: 1
2025-10-16T08:58:10.289+08:00 DEBUG 20328 --- [ivos] [http-nio-8080-exec-8] c.i.d.audit.controller.AuditController   : 当前控制层参数:AudioQuery(id=null, username=, auditStatus=10, auditUserId=106, applicationId=null, auditSort=null)
2025-10-16T08:58:10.292+08:00 DEBUG 20328 --- [ivos] [http-nio-8080-exec-8] c.i.d.a.s.imp.AuditServiceImplement      : 业务层参数:AudioQuery(id=null, username=, auditStatus=10, auditUserId=106, applicationId=null, auditSort=null)
2025-10-16T08:58:10.294+08:00 DEBUG 20328 --- [ivos] [http-nio-8080-exec-8] c.i.demo.audit.mapper.AuditMapper.query  : ==>  Preparing: SELECT a.id,a.application_id,a.audit_user_id,a.audit_status,a.audit_sort, v.id,v.user_id,v.username,v.start_time,v.end_time,v.img_url,v.departure_addr,v.destination_addr, v.reason,v.remark,v.status,v.vehicle_id,v.reject_reason FROM audit a INNER JOIN application v ON a.application_id = v.id WHERE a.audit_user_id = ? AND a.audit_status = ? AND v.username LIKE CONCAT('%',?,'%')
2025-10-16T08:58:10.294+08:00 DEBUG 20328 --- [ivos] [http-nio-8080-exec-8] c.i.demo.audit.mapper.AuditMapper.query  : ==> Parameters: 106(Long), 10(Integer), (String)
2025-10-16T08:58:10.298+08:00 DEBUG 20328 --- [ivos] [http-nio-8080-exec-8] c.i.demo.audit.mapper.AuditMapper.query  : <==      Total: 1
2025-10-16T08:58:10.299+08:00 DEBUG 20328 --- [ivos] [http-nio-8080-exec-8] c.i.d.a.m.A.selectAuditByApplicationId   : ==>  Preparing: SELECT a.id,a.application_id,a.audit_user_id, a.audit_status,a.audit_sort,app.user_id,app.username, app.start_time,app.end_time,app.img_url,app.departure_addr, app.destination_addr,app.reason,app.remark,app.status,app.vehicle_id, app.reject_reason FROM audit AS a INNER JOIN application AS app ON a.application_id = app.id WHERE a.application_id = ?
2025-10-16T08:58:10.300+08:00 DEBUG 20328 --- [ivos] [http-nio-8080-exec-8] c.i.d.a.m.A.selectAuditByApplicationId   : ==> Parameters: 102(Long)
2025-10-16T08:58:10.302+08:00 DEBUG 20328 --- [ivos] [http-nio-8080-exec-8] c.i.d.a.m.A.selectAuditByApplicationId   : <==      Total: 2
2025-10-16T08:58:10.302+08:00 DEBUG 20328 --- [ivos] [http-nio-8080-exec-8] c.i.d.user.mapper.userMapper.selectById  : ==>  Preparing: SELECT id,username,password,email,phone,age,gender,create_time,update_time,status,level,parent_id FROM user WHERE id=?
2025-10-16T08:58:10.302+08:00 DEBUG 20328 --- [ivos] [http-nio-8080-exec-8] c.i.d.user.mapper.userMapper.selectById  : ==> Parameters: 106(Long)
2025-10-16T08:58:10.303+08:00 DEBUG 20328 --- [ivos] [http-nio-8080-exec-8] c.i.d.user.mapper.userMapper.selectById  : <==      Total: 1
2025-10-16T08:58:10.303+08:00 DEBUG 20328 --- [ivos] [http-nio-8080-exec-8] c.i.d.user.mapper.userMapper.selectById  : ==>  Preparing: SELECT id,username,password,email,phone,age,gender,create_time,update_time,status,level,parent_id FROM user WHERE id=?
2025-10-16T08:58:10.303+08:00 DEBUG 20328 --- [ivos] [http-nio-8080-exec-8] c.i.d.user.mapper.userMapper.selectById  : ==> Parameters: 103(Long)
2025-10-16T08:58:10.304+08:00 DEBUG 20328 --- [ivos] [http-nio-8080-exec-8] c.i.d.user.mapper.userMapper.selectById  : <==      Total: 1
2025-10-16T08:59:33.093+08:00 DEBUG 20328 --- [ivos] [http-nio-8080-exec-2] c.i.d.audit.controller.AuditController   : 当前控制层参数:AudioQuery(id=103, username=null, auditStatus=null, auditUserId=null, applicationId=null, auditSort=null)
2025-10-16T08:59:33.096+08:00 DEBUG 20328 --- [ivos] [http-nio-8080-exec-2] c.i.d.a.s.imp.AuditServiceImplement      : 业务层参数:AudioQuery(id=103, username=null, auditStatus=null, auditUserId=null, applicationId=null, auditSort=null)
2025-10-16T08:59:33.097+08:00 DEBUG 20328 --- [ivos] [http-nio-8080-exec-2] c.i.demo.audit.mapper.AuditMapper.query  : ==>  Preparing: SELECT a.id,a.application_id,a.audit_user_id,a.audit_status,a.audit_sort, v.id,v.user_id,v.username,v.start_time,v.end_time,v.img_url,v.departure_addr,v.destination_addr, v.reason,v.remark,v.status,v.vehicle_id,v.reject_reason FROM audit a INNER JOIN application v ON a.application_id = v.id WHERE a.id = ?
2025-10-16T08:59:33.097+08:00 DEBUG 20328 --- [ivos] [http-nio-8080-exec-2] c.i.demo.audit.mapper.AuditMapper.query  : ==> Parameters: 103(Long)
2025-10-16T08:59:33.099+08:00 DEBUG 20328 --- [ivos] [http-nio-8080-exec-2] c.i.demo.audit.mapper.AuditMapper.query  : <==      Total: 1
2025-10-16T08:59:33.100+08:00 DEBUG 20328 --- [ivos] [http-nio-8080-exec-2] c.i.d.a.m.A.selectAuditByApplicationId   : ==>  Preparing: SELECT a.id,a.application_id,a.audit_user_id, a.audit_status,a.audit_sort,app.user_id,app.username, app.start_time,app.end_time,app.img_url,app.departure_addr, app.destination_addr,app.reason,app.remark,app.status,app.vehicle_id, app.reject_reason FROM audit AS a INNER JOIN application AS app ON a.application_id = app.id WHERE a.application_id = ?
2025-10-16T08:59:33.100+08:00 DEBUG 20328 --- [ivos] [http-nio-8080-exec-2] c.i.d.a.m.A.selectAuditByApplicationId   : ==> Parameters: 102(Long)
2025-10-16T08:59:33.101+08:00 DEBUG 20328 --- [ivos] [http-nio-8080-exec-2] c.i.d.a.m.A.selectAuditByApplicationId   : <==      Total: 2
2025-10-16T08:59:33.102+08:00 DEBUG 20328 --- [ivos] [http-nio-8080-exec-2] c.i.d.user.mapper.userMapper.selectById  : ==>  Preparing: SELECT id,username,password,email,phone,age,gender,create_time,update_time,status,level,parent_id FROM user WHERE id=?
2025-10-16T08:59:33.102+08:00 DEBUG 20328 --- [ivos] [http-nio-8080-exec-2] c.i.d.user.mapper.userMapper.selectById  : ==> Parameters: 106(Long)
2025-10-16T08:59:33.103+08:00 DEBUG 20328 --- [ivos] [http-nio-8080-exec-2] c.i.d.user.mapper.userMapper.selectById  : <==      Total: 1
2025-10-16T08:59:33.103+08:00 DEBUG 20328 --- [ivos] [http-nio-8080-exec-2] c.i.d.user.mapper.userMapper.selectById  : ==>  Preparing: SELECT id,username,password,email,phone,age,gender,create_time,update_time,status,level,parent_id FROM user WHERE id=?
2025-10-16T08:59:33.104+08:00 DEBUG 20328 --- [ivos] [http-nio-8080-exec-2] c.i.d.user.mapper.userMapper.selectById  : ==> Parameters: 103(Long)
2025-10-16T08:59:33.105+08:00 DEBUG 20328 --- [ivos] [http-nio-8080-exec-2] c.i.d.user.mapper.userMapper.selectById  : <==      Total: 1
2025-10-16T08:59:37.523+08:00 DEBUG 20328 --- [ivos] [http-nio-8080-exec-9] c.i.d.audit.controller.AuditController   : 当前控制层参数:AudioQuery(id=103, username=null, auditStatus=null, auditUserId=null, applicationId=null, auditSort=null)
2025-10-16T08:59:37.524+08:00 DEBUG 20328 --- [ivos] [http-nio-8080-exec-9] c.i.d.a.s.imp.AuditServiceImplement      : 业务层参数:AudioQuery(id=103, username=null, auditStatus=null, auditUserId=null, applicationId=null, auditSort=null)
2025-10-16T08:59:37.525+08:00 DEBUG 20328 --- [ivos] [http-nio-8080-exec-9] c.i.demo.audit.mapper.AuditMapper.query  : ==>  Preparing: SELECT a.id,a.application_id,a.audit_user_id,a.audit_status,a.audit_sort, v.id,v.user_id,v.username,v.start_time,v.end_time,v.img_url,v.departure_addr,v.destination_addr, v.reason,v.remark,v.status,v.vehicle_id,v.reject_reason FROM audit a INNER JOIN application v ON a.application_id = v.id WHERE a.id = ?
2025-10-16T08:59:37.525+08:00 DEBUG 20328 --- [ivos] [http-nio-8080-exec-9] c.i.demo.audit.mapper.AuditMapper.query  : ==> Parameters: 103(Long)
2025-10-16T08:59:37.526+08:00 DEBUG 20328 --- [ivos] [http-nio-8080-exec-9] c.i.demo.audit.mapper.AuditMapper.query  : <==      Total: 1
2025-10-16T08:59:37.527+08:00 DEBUG 20328 --- [ivos] [http-nio-8080-exec-9] c.i.d.a.m.A.selectAuditByApplicationId   : ==>  Preparing: SELECT a.id,a.application_id,a.audit_user_id, a.audit_status,a.audit_sort,app.user_id,app.username, app.start_time,app.end_time,app.img_url,app.departure_addr, app.destination_addr,app.reason,app.remark,app.status,app.vehicle_id, app.reject_reason FROM audit AS a INNER JOIN application AS app ON a.application_id = app.id WHERE a.application_id = ?
2025-10-16T08:59:37.527+08:00 DEBUG 20328 --- [ivos] [http-nio-8080-exec-9] c.i.d.a.m.A.selectAuditByApplicationId   : ==> Parameters: 102(Long)
2025-10-16T08:59:37.528+08:00 DEBUG 20328 --- [ivos] [http-nio-8080-exec-9] c.i.d.a.m.A.selectAuditByApplicationId   : <==      Total: 2
2025-10-16T08:59:37.528+08:00 DEBUG 20328 --- [ivos] [http-nio-8080-exec-9] c.i.d.user.mapper.userMapper.selectById  : ==>  Preparing: SELECT id,username,password,email,phone,age,gender,create_time,update_time,status,level,parent_id FROM user WHERE id=?
2025-10-16T08:59:37.529+08:00 DEBUG 20328 --- [ivos] [http-nio-8080-exec-9] c.i.d.user.mapper.userMapper.selectById  : ==> Parameters: 106(Long)
2025-10-16T08:59:37.531+08:00 DEBUG 20328 --- [ivos] [http-nio-8080-exec-9] c.i.d.user.mapper.userMapper.selectById  : <==      Total: 1
2025-10-16T08:59:37.531+08:00 DEBUG 20328 --- [ivos] [http-nio-8080-exec-9] c.i.d.user.mapper.userMapper.selectById  : ==>  Preparing: SELECT id,username,password,email,phone,age,gender,create_time,update_time,status,level,parent_id FROM user WHERE id=?
2025-10-16T08:59:37.531+08:00 DEBUG 20328 --- [ivos] [http-nio-8080-exec-9] c.i.d.user.mapper.userMapper.selectById  : ==> Parameters: 103(Long)
2025-10-16T08:59:37.532+08:00 DEBUG 20328 --- [ivos] [http-nio-8080-exec-9] c.i.d.user.mapper.userMapper.selectById  : <==      Total: 1
2025-10-16T08:59:44.296+08:00 DEBUG 20328 --- [ivos] [http-nio-8080-exec-3] c.i.d.audit.controller.AuditController   : 当前控制层参数:AudioQuery(id=null, username=, auditStatus=20, auditUserId=106, applicationId=null, auditSort=null)
2025-10-16T08:59:44.298+08:00 DEBUG 20328 --- [ivos] [http-nio-8080-exec-3] c.i.d.a.s.imp.AuditServiceImplement      : 业务层参数:AudioQuery(id=null, username=, auditStatus=20, auditUserId=106, applicationId=null, auditSort=null)
2025-10-16T08:59:44.298+08:00 DEBUG 20328 --- [ivos] [http-nio-8080-exec-3] c.i.demo.audit.mapper.AuditMapper.query  : ==>  Preparing: SELECT a.id,a.application_id,a.audit_user_id,a.audit_status,a.audit_sort, v.id,v.user_id,v.username,v.start_time,v.end_time,v.img_url,v.departure_addr,v.destination_addr, v.reason,v.remark,v.status,v.vehicle_id,v.reject_reason FROM audit a INNER JOIN application v ON a.application_id = v.id WHERE a.audit_user_id = ? AND a.audit_status = ? AND v.username LIKE CONCAT('%',?,'%')
2025-10-16T08:59:44.299+08:00 DEBUG 20328 --- [ivos] [http-nio-8080-exec-3] c.i.demo.audit.mapper.AuditMapper.query  : ==> Parameters: 106(Long), 20(Integer), (String)
2025-10-16T08:59:44.300+08:00 DEBUG 20328 --- [ivos] [http-nio-8080-exec-3] c.i.demo.audit.mapper.AuditMapper.query  : <==      Total: 0
2025-10-16T08:59:45.004+08:00 DEBUG 20328 --- [ivos] [http-nio-8080-exec-6] c.i.d.audit.controller.AuditController   : 当前控制层参数:AudioQuery(id=null, username=, auditStatus=30, auditUserId=106, applicationId=null, auditSort=null)
2025-10-16T08:59:45.005+08:00 DEBUG 20328 --- [ivos] [http-nio-8080-exec-6] c.i.d.a.s.imp.AuditServiceImplement      : 业务层参数:AudioQuery(id=null, username=, auditStatus=30, auditUserId=106, applicationId=null, auditSort=null)
2025-10-16T08:59:45.006+08:00 DEBUG 20328 --- [ivos] [http-nio-8080-exec-6] c.i.demo.audit.mapper.AuditMapper.query  : ==>  Preparing: SELECT a.id,a.application_id,a.audit_user_id,a.audit_status,a.audit_sort, v.id,v.user_id,v.username,v.start_time,v.end_time,v.img_url,v.departure_addr,v.destination_addr, v.reason,v.remark,v.status,v.vehicle_id,v.reject_reason FROM audit a INNER JOIN application v ON a.application_id = v.id WHERE a.audit_user_id = ? AND a.audit_status = ? AND v.username LIKE CONCAT('%',?,'%')
2025-10-16T08:59:45.006+08:00 DEBUG 20328 --- [ivos] [http-nio-8080-exec-6] c.i.demo.audit.mapper.AuditMapper.query  : ==> Parameters: 106(Long), 30(Integer), (String)
2025-10-16T08:59:45.007+08:00 DEBUG 20328 --- [ivos] [http-nio-8080-exec-6] c.i.demo.audit.mapper.AuditMapper.query  : <==      Total: 3
2025-10-16T08:59:45.009+08:00 DEBUG 20328 --- [ivos] [http-nio-8080-exec-6] c.i.d.a.m.A.selectAuditByApplicationId   : ==>  Preparing: SELECT a.id,a.application_id,a.audit_user_id, a.audit_status,a.audit_sort,app.user_id,app.username, app.start_time,app.end_time,app.img_url,app.departure_addr, app.destination_addr,app.reason,app.remark,app.status,app.vehicle_id, app.reject_reason FROM audit AS a INNER JOIN application AS app ON a.application_id = app.id WHERE a.application_id = ?
2025-10-16T08:59:45.009+08:00 DEBUG 20328 --- [ivos] [http-nio-8080-exec-6] c.i.d.a.m.A.selectAuditByApplicationId   : ==> Parameters: 101(Long)
2025-10-16T08:59:45.010+08:00 DEBUG 20328 --- [ivos] [http-nio-8080-exec-6] c.i.d.a.m.A.selectAuditByApplicationId   : <==      Total: 2
2025-10-16T08:59:45.010+08:00 DEBUG 20328 --- [ivos] [http-nio-8080-exec-6] c.i.d.user.mapper.userMapper.selectById  : ==>  Preparing: SELECT id,username,password,email,phone,age,gender,create_time,update_time,status,level,parent_id FROM user WHERE id=?
2025-10-16T08:59:45.010+08:00 DEBUG 20328 --- [ivos] [http-nio-8080-exec-6] c.i.d.user.mapper.userMapper.selectById  : ==> Parameters: 106(Long)
2025-10-16T08:59:45.012+08:00 DEBUG 20328 --- [ivos] [http-nio-8080-exec-6] c.i.d.user.mapper.userMapper.selectById  : <==      Total: 1
2025-10-16T08:59:45.012+08:00 DEBUG 20328 --- [ivos] [http-nio-8080-exec-6] c.i.d.user.mapper.userMapper.selectById  : ==>  Preparing: SELECT id,username,password,email,phone,age,gender,create_time,update_time,status,level,parent_id FROM user WHERE id=?
2025-10-16T08:59:45.012+08:00 DEBUG 20328 --- [ivos] [http-nio-8080-exec-6] c.i.d.user.mapper.userMapper.selectById  : ==> Parameters: 103(Long)
2025-10-16T08:59:45.013+08:00 DEBUG 20328 --- [ivos] [http-nio-8080-exec-6] c.i.d.user.mapper.userMapper.selectById  : <==      Total: 1
2025-10-16T08:59:45.013+08:00 DEBUG 20328 --- [ivos] [http-nio-8080-exec-6] c.i.d.a.m.A.selectAuditByApplicationId   : ==>  Preparing: SELECT a.id,a.application_id,a.audit_user_id, a.audit_status,a.audit_sort,app.user_id,app.username, app.start_time,app.end_time,app.img_url,app.departure_addr, app.destination_addr,app.reason,app.remark,app.status,app.vehicle_id, app.reject_reason FROM audit AS a INNER JOIN application AS app ON a.application_id = app.id WHERE a.application_id = ?
2025-10-16T08:59:45.013+08:00 DEBUG 20328 --- [ivos] [http-nio-8080-exec-6] c.i.d.a.m.A.selectAuditByApplicationId   : ==> Parameters: 103(Long)
2025-10-16T08:59:45.014+08:00 DEBUG 20328 --- [ivos] [http-nio-8080-exec-6] c.i.d.a.m.A.selectAuditByApplicationId   : <==      Total: 2
2025-10-16T08:59:45.015+08:00 DEBUG 20328 --- [ivos] [http-nio-8080-exec-6] c.i.d.a.m.A.selectAuditByApplicationId   : ==>  Preparing: SELECT a.id,a.application_id,a.audit_user_id, a.audit_status,a.audit_sort,app.user_id,app.username, app.start_time,app.end_time,app.img_url,app.departure_addr, app.destination_addr,app.reason,app.remark,app.status,app.vehicle_id, app.reject_reason FROM audit AS a INNER JOIN application AS app ON a.application_id = app.id WHERE a.application_id = ?
2025-10-16T08:59:45.015+08:00 DEBUG 20328 --- [ivos] [http-nio-8080-exec-6] c.i.d.a.m.A.selectAuditByApplicationId   : ==> Parameters: 114(Long)
2025-10-16T08:59:45.016+08:00 DEBUG 20328 --- [ivos] [http-nio-8080-exec-6] c.i.d.a.m.A.selectAuditByApplicationId   : <==      Total: 2
2025-10-16T08:59:45.632+08:00 DEBUG 20328 --- [ivos] [http-nio-8080-exec-4] c.i.d.audit.controller.AuditController   : 当前控制层参数:AudioQuery(id=null, username=, auditStatus=40, auditUserId=106, applicationId=null, auditSort=null)
2025-10-16T08:59:45.633+08:00 DEBUG 20328 --- [ivos] [http-nio-8080-exec-4] c.i.d.a.s.imp.AuditServiceImplement      : 业务层参数:AudioQuery(id=null, username=, auditStatus=40, auditUserId=106, applicationId=null, auditSort=null)
2025-10-16T08:59:45.634+08:00 DEBUG 20328 --- [ivos] [http-nio-8080-exec-4] c.i.demo.audit.mapper.AuditMapper.query  : ==>  Preparing: SELECT a.id,a.application_id,a.audit_user_id,a.audit_status,a.audit_sort, v.id,v.user_id,v.username,v.start_time,v.end_time,v.img_url,v.departure_addr,v.destination_addr, v.reason,v.remark,v.status,v.vehicle_id,v.reject_reason FROM audit a INNER JOIN application v ON a.application_id = v.id WHERE a.audit_user_id = ? AND a.audit_status = ? AND v.username LIKE CONCAT('%',?,'%')
2025-10-16T08:59:45.634+08:00 DEBUG 20328 --- [ivos] [http-nio-8080-exec-4] c.i.demo.audit.mapper.AuditMapper.query  : ==> Parameters: 106(Long), 40(Integer), (String)
2025-10-16T08:59:45.635+08:00 DEBUG 20328 --- [ivos] [http-nio-8080-exec-4] c.i.demo.audit.mapper.AuditMapper.query  : <==      Total: 1
2025-10-16T08:59:45.636+08:00 DEBUG 20328 --- [ivos] [http-nio-8080-exec-4] c.i.d.a.m.A.selectAuditByApplicationId   : ==>  Preparing: SELECT a.id,a.application_id,a.audit_user_id, a.audit_status,a.audit_sort,app.user_id,app.username, app.start_time,app.end_time,app.img_url,app.departure_addr, app.destination_addr,app.reason,app.remark,app.status,app.vehicle_id, app.reject_reason FROM audit AS a INNER JOIN application AS app ON a.application_id = app.id WHERE a.application_id = ?
2025-10-16T08:59:45.636+08:00 DEBUG 20328 --- [ivos] [http-nio-8080-exec-4] c.i.d.a.m.A.selectAuditByApplicationId   : ==> Parameters: 115(Long)
2025-10-16T08:59:45.637+08:00 DEBUG 20328 --- [ivos] [http-nio-8080-exec-4] c.i.d.a.m.A.selectAuditByApplicationId   : <==      Total: 1
2025-10-16T08:59:45.637+08:00 DEBUG 20328 --- [ivos] [http-nio-8080-exec-4] c.i.d.user.mapper.userMapper.selectById  : ==>  Preparing: SELECT id,username,password,email,phone,age,gender,create_time,update_time,status,level,parent_id FROM user WHERE id=?
2025-10-16T08:59:45.637+08:00 DEBUG 20328 --- [ivos] [http-nio-8080-exec-4] c.i.d.user.mapper.userMapper.selectById  : ==> Parameters: 106(Long)
2025-10-16T08:59:45.638+08:00 DEBUG 20328 --- [ivos] [http-nio-8080-exec-4] c.i.d.user.mapper.userMapper.selectById  : <==      Total: 1
2025-10-16T08:59:46.389+08:00 DEBUG 20328 --- [ivos] [http-nio-8080-exec-1] c.i.d.audit.controller.AuditController   : 当前控制层参数:AudioQuery(id=null, username=, auditStatus=30, auditUserId=106, applicationId=null, auditSort=null)
2025-10-16T08:59:46.390+08:00 DEBUG 20328 --- [ivos] [http-nio-8080-exec-1] c.i.d.a.s.imp.AuditServiceImplement      : 业务层参数:AudioQuery(id=null, username=, auditStatus=30, auditUserId=106, applicationId=null, auditSort=null)
2025-10-16T08:59:46.391+08:00 DEBUG 20328 --- [ivos] [http-nio-8080-exec-1] c.i.demo.audit.mapper.AuditMapper.query  : ==>  Preparing: SELECT a.id,a.application_id,a.audit_user_id,a.audit_status,a.audit_sort, v.id,v.user_id,v.username,v.start_time,v.end_time,v.img_url,v.departure_addr,v.destination_addr, v.reason,v.remark,v.status,v.vehicle_id,v.reject_reason FROM audit a INNER JOIN application v ON a.application_id = v.id WHERE a.audit_user_id = ? AND a.audit_status = ? AND v.username LIKE CONCAT('%',?,'%')
2025-10-16T08:59:46.392+08:00 DEBUG 20328 --- [ivos] [http-nio-8080-exec-1] c.i.demo.audit.mapper.AuditMapper.query  : ==> Parameters: 106(Long), 30(Integer), (String)
2025-10-16T08:59:46.393+08:00 DEBUG 20328 --- [ivos] [http-nio-8080-exec-1] c.i.demo.audit.mapper.AuditMapper.query  : <==      Total: 3
2025-10-16T08:59:46.393+08:00 DEBUG 20328 --- [ivos] [http-nio-8080-exec-1] c.i.d.a.m.A.selectAuditByApplicationId   : ==>  Preparing: SELECT a.id,a.application_id,a.audit_user_id, a.audit_status,a.audit_sort,app.user_id,app.username, app.start_time,app.end_time,app.img_url,app.departure_addr, app.destination_addr,app.reason,app.remark,app.status,app.vehicle_id, app.reject_reason FROM audit AS a INNER JOIN application AS app ON a.application_id = app.id WHERE a.application_id = ?
2025-10-16T08:59:46.393+08:00 DEBUG 20328 --- [ivos] [http-nio-8080-exec-1] c.i.d.a.m.A.selectAuditByApplicationId   : ==> Parameters: 101(Long)
2025-10-16T08:59:46.395+08:00 DEBUG 20328 --- [ivos] [http-nio-8080-exec-1] c.i.d.a.m.A.selectAuditByApplicationId   : <==      Total: 2
2025-10-16T08:59:46.395+08:00 DEBUG 20328 --- [ivos] [http-nio-8080-exec-1] c.i.d.user.mapper.userMapper.selectById  : ==>  Preparing: SELECT id,username,password,email,phone,age,gender,create_time,update_time,status,level,parent_id FROM user WHERE id=?
2025-10-16T08:59:46.395+08:00 DEBUG 20328 --- [ivos] [http-nio-8080-exec-1] c.i.d.user.mapper.userMapper.selectById  : ==> Parameters: 106(Long)
2025-10-16T08:59:46.396+08:00 DEBUG 20328 --- [ivos] [http-nio-8080-exec-1] c.i.d.user.mapper.userMapper.selectById  : <==      Total: 1
2025-10-16T08:59:46.396+08:00 DEBUG 20328 --- [ivos] [http-nio-8080-exec-1] c.i.d.user.mapper.userMapper.selectById  : ==>  Preparing: SELECT id,username,password,email,phone,age,gender,create_time,update_time,status,level,parent_id FROM user WHERE id=?
2025-10-16T08:59:46.397+08:00 DEBUG 20328 --- [ivos] [http-nio-8080-exec-1] c.i.d.user.mapper.userMapper.selectById  : ==> Parameters: 103(Long)
2025-10-16T08:59:46.397+08:00 DEBUG 20328 --- [ivos] [http-nio-8080-exec-1] c.i.d.user.mapper.userMapper.selectById  : <==      Total: 1
2025-10-16T08:59:46.398+08:00 DEBUG 20328 --- [ivos] [http-nio-8080-exec-1] c.i.d.a.m.A.selectAuditByApplicationId   : ==>  Preparing: SELECT a.id,a.application_id,a.audit_user_id, a.audit_status,a.audit_sort,app.user_id,app.username, app.start_time,app.end_time,app.img_url,app.departure_addr, app.destination_addr,app.reason,app.remark,app.status,app.vehicle_id, app.reject_reason FROM audit AS a INNER JOIN application AS app ON a.application_id = app.id WHERE a.application_id = ?
2025-10-16T08:59:46.398+08:00 DEBUG 20328 --- [ivos] [http-nio-8080-exec-1] c.i.d.a.m.A.selectAuditByApplicationId   : ==> Parameters: 103(Long)
2025-10-16T08:59:46.399+08:00 DEBUG 20328 --- [ivos] [http-nio-8080-exec-1] c.i.d.a.m.A.selectAuditByApplicationId   : <==      Total: 2
2025-10-16T08:59:46.399+08:00 DEBUG 20328 --- [ivos] [http-nio-8080-exec-1] c.i.d.a.m.A.selectAuditByApplicationId   : ==>  Preparing: SELECT a.id,a.application_id,a.audit_user_id, a.audit_status,a.audit_sort,app.user_id,app.username, app.start_time,app.end_time,app.img_url,app.departure_addr, app.destination_addr,app.reason,app.remark,app.status,app.vehicle_id, app.reject_reason FROM audit AS a INNER JOIN application AS app ON a.application_id = app.id WHERE a.application_id = ?
2025-10-16T08:59:46.399+08:00 DEBUG 20328 --- [ivos] [http-nio-8080-exec-1] c.i.d.a.m.A.selectAuditByApplicationId   : ==> Parameters: 114(Long)
2025-10-16T08:59:46.400+08:00 DEBUG 20328 --- [ivos] [http-nio-8080-exec-1] c.i.d.a.m.A.selectAuditByApplicationId   : <==      Total: 2
2025-10-16T08:59:46.676+08:00 DEBUG 20328 --- [ivos] [http-nio-8080-exec-5] c.i.d.audit.controller.AuditController   : 当前控制层参数:AudioQuery(id=null, username=, auditStatus=20, auditUserId=106, applicationId=null, auditSort=null)
2025-10-16T08:59:46.677+08:00 DEBUG 20328 --- [ivos] [http-nio-8080-exec-5] c.i.d.a.s.imp.AuditServiceImplement      : 业务层参数:AudioQuery(id=null, username=, auditStatus=20, auditUserId=106, applicationId=null, auditSort=null)
2025-10-16T08:59:46.677+08:00 DEBUG 20328 --- [ivos] [http-nio-8080-exec-5] c.i.demo.audit.mapper.AuditMapper.query  : ==>  Preparing: SELECT a.id,a.application_id,a.audit_user_id,a.audit_status,a.audit_sort, v.id,v.user_id,v.username,v.start_time,v.end_time,v.img_url,v.departure_addr,v.destination_addr, v.reason,v.remark,v.status,v.vehicle_id,v.reject_reason FROM audit a INNER JOIN application v ON a.application_id = v.id WHERE a.audit_user_id = ? AND a.audit_status = ? AND v.username LIKE CONCAT('%',?,'%')
2025-10-16T08:59:46.678+08:00 DEBUG 20328 --- [ivos] [http-nio-8080-exec-5] c.i.demo.audit.mapper.AuditMapper.query  : ==> Parameters: 106(Long), 20(Integer), (String)
2025-10-16T08:59:46.678+08:00 DEBUG 20328 --- [ivos] [http-nio-8080-exec-5] c.i.demo.audit.mapper.AuditMapper.query  : <==      Total: 0
2025-10-16T08:59:46.958+08:00 DEBUG 20328 --- [ivos] [http-nio-8080-exec-7] c.i.d.audit.controller.AuditController   : 当前控制层参数:AudioQuery(id=null, username=, auditStatus=10, auditUserId=106, applicationId=null, auditSort=null)
2025-10-16T08:59:46.959+08:00 DEBUG 20328 --- [ivos] [http-nio-8080-exec-7] c.i.d.a.s.imp.AuditServiceImplement      : 业务层参数:AudioQuery(id=null, username=, auditStatus=10, auditUserId=106, applicationId=null, auditSort=null)
2025-10-16T08:59:46.960+08:00 DEBUG 20328 --- [ivos] [http-nio-8080-exec-7] c.i.demo.audit.mapper.AuditMapper.query  : ==>  Preparing: SELECT a.id,a.application_id,a.audit_user_id,a.audit_status,a.audit_sort, v.id,v.user_id,v.username,v.start_time,v.end_time,v.img_url,v.departure_addr,v.destination_addr, v.reason,v.remark,v.status,v.vehicle_id,v.reject_reason FROM audit a INNER JOIN application v ON a.application_id = v.id WHERE a.audit_user_id = ? AND a.audit_status = ? AND v.username LIKE CONCAT('%',?,'%')
2025-10-16T08:59:46.960+08:00 DEBUG 20328 --- [ivos] [http-nio-8080-exec-7] c.i.demo.audit.mapper.AuditMapper.query  : ==> Parameters: 106(Long), 10(Integer), (String)
2025-10-16T08:59:46.961+08:00 DEBUG 20328 --- [ivos] [http-nio-8080-exec-7] c.i.demo.audit.mapper.AuditMapper.query  : <==      Total: 1
2025-10-16T08:59:46.961+08:00 DEBUG 20328 --- [ivos] [http-nio-8080-exec-7] c.i.d.a.m.A.selectAuditByApplicationId   : ==>  Preparing: SELECT a.id,a.application_id,a.audit_user_id, a.audit_status,a.audit_sort,app.user_id,app.username, app.start_time,app.end_time,app.img_url,app.departure_addr, app.destination_addr,app.reason,app.remark,app.status,app.vehicle_id, app.reject_reason FROM audit AS a INNER JOIN application AS app ON a.application_id = app.id WHERE a.application_id = ?
2025-10-16T08:59:46.962+08:00 DEBUG 20328 --- [ivos] [http-nio-8080-exec-7] c.i.d.a.m.A.selectAuditByApplicationId   : ==> Parameters: 102(Long)
2025-10-16T08:59:46.962+08:00 DEBUG 20328 --- [ivos] [http-nio-8080-exec-7] c.i.d.a.m.A.selectAuditByApplicationId   : <==      Total: 2
2025-10-16T08:59:46.963+08:00 DEBUG 20328 --- [ivos] [http-nio-8080-exec-7] c.i.d.user.mapper.userMapper.selectById  : ==>  Preparing: SELECT id,username,password,email,phone,age,gender,create_time,update_time,status,level,parent_id FROM user WHERE id=?
2025-10-16T08:59:46.963+08:00 DEBUG 20328 --- [ivos] [http-nio-8080-exec-7] c.i.d.user.mapper.userMapper.selectById  : ==> Parameters: 106(Long)
2025-10-16T08:59:46.964+08:00 DEBUG 20328 --- [ivos] [http-nio-8080-exec-7] c.i.d.user.mapper.userMapper.selectById  : <==      Total: 1
2025-10-16T08:59:46.964+08:00 DEBUG 20328 --- [ivos] [http-nio-8080-exec-7] c.i.d.user.mapper.userMapper.selectById  : ==>  Preparing: SELECT id,username,password,email,phone,age,gender,create_time,update_time,status,level,parent_id FROM user WHERE id=?
2025-10-16T08:59:46.964+08:00 DEBUG 20328 --- [ivos] [http-nio-8080-exec-7] c.i.d.user.mapper.userMapper.selectById  : ==> Parameters: 103(Long)
2025-10-16T08:59:46.964+08:00 DEBUG 20328 --- [ivos] [http-nio-8080-exec-7] c.i.d.user.mapper.userMapper.selectById  : <==      Total: 1
2025-10-16T09:00:51.234+08:00  INFO 20328 --- [ivos] [SpringApplicationShutdownHook] com.zaxxer.hikari.HikariDataSource       : HikariPool-1 - Shutdown initiated...
