2025-10-16T00:00:10.063+08:00 DEBUG 28484 --- [_02vue] [http-nio-8060-exec-6] c._.d.g.controller.GeofenceController    : 参数GeofenceQuery(id=null, name=, status=1)
2025-10-16T00:00:10.073+08:00 DEBUG 28484 --- [_02vue] [http-nio-8060-exec-6] c._.d.g.service.impl.GeofenceImplement   : 业务层参数:GeofenceQuery(id=null, name=, status=1)
2025-10-16T00:00:10.077+08:00 DEBUG 28484 --- [_02vue] [http-nio-8060-exec-6] c._.d.g.mapper.GeofenceMapper.query      : ==>  Preparing: SELECT id,name,position,create_time as createTime,status FROM geofence WHERE status = ?
2025-10-16T00:00:10.079+08:00 DEBUG 28484 --- [_02vue] [http-nio-8060-exec-6] c._.d.g.mapper.GeofenceMapper.query      : ==> Parameters: 1(String)
2025-10-16T00:00:10.084+08:00 DEBUG 28484 --- [_02vue] [http-nio-8060-exec-6] c._.d.g.mapper.GeofenceMapper.query      : <==      Total: 2
2025-10-16T00:00:11.699+08:00 DEBUG 28484 --- [_02vue] [http-nio-8060-exec-8] c._.d.g.controller.GeofenceController    : 参数GeofenceQuery(id=null, name=, status=0)
2025-10-16T00:00:11.699+08:00 DEBUG 28484 --- [_02vue] [http-nio-8060-exec-8] c._.d.g.service.impl.GeofenceImplement   : 业务层参数:GeofenceQuery(id=null, name=, status=0)
2025-10-16T00:00:11.700+08:00 DEBUG 28484 --- [_02vue] [http-nio-8060-exec-8] c._.d.g.mapper.GeofenceMapper.query      : ==>  Preparing: SELECT id,name,position,create_time as createTime,status FROM geofence WHERE status = ?
2025-10-16T00:00:11.702+08:00 DEBUG 28484 --- [_02vue] [http-nio-8060-exec-8] c._.d.g.mapper.GeofenceMapper.query      : ==> Parameters: 0(String)
2025-10-16T00:00:11.703+08:00 DEBUG 28484 --- [_02vue] [http-nio-8060-exec-8] c._.d.g.mapper.GeofenceMapper.query      : <==      Total: 2
2025-10-16T00:00:14.752+08:00 DEBUG 28484 --- [_02vue] [http-nio-8060-exec-7] c._.d.g.controller.GeofenceController    : 参数GeofenceQuery(id=null, name=, status=1)
2025-10-16T00:00:14.752+08:00 DEBUG 28484 --- [_02vue] [http-nio-8060-exec-7] c._.d.g.service.impl.GeofenceImplement   : 业务层参数:GeofenceQuery(id=null, name=, status=1)
2025-10-16T00:00:14.754+08:00 DEBUG 28484 --- [_02vue] [http-nio-8060-exec-7] c._.d.g.mapper.GeofenceMapper.query      : ==>  Preparing: SELECT id,name,position,create_time as createTime,status FROM geofence WHERE status = ?
2025-10-16T00:00:14.755+08:00 DEBUG 28484 --- [_02vue] [http-nio-8060-exec-7] c._.d.g.mapper.GeofenceMapper.query      : ==> Parameters: 1(String)
2025-10-16T00:00:14.757+08:00 DEBUG 28484 --- [_02vue] [http-nio-8060-exec-7] c._.d.g.mapper.GeofenceMapper.query      : <==      Total: 2
2025-10-16T00:00:16.609+08:00 DEBUG 28484 --- [_02vue] [http-nio-8060-exec-9] c._.d.g.controller.GeofenceController    : 参数GeofenceQuery(id=null, name=, status=0)
2025-10-16T00:00:16.610+08:00 DEBUG 28484 --- [_02vue] [http-nio-8060-exec-9] c._.d.g.service.impl.GeofenceImplement   : 业务层参数:GeofenceQuery(id=null, name=, status=0)
2025-10-16T00:00:16.611+08:00 DEBUG 28484 --- [_02vue] [http-nio-8060-exec-9] c._.d.g.mapper.GeofenceMapper.query      : ==>  Preparing: SELECT id,name,position,create_time as createTime,status FROM geofence WHERE status = ?
2025-10-16T00:00:16.611+08:00 DEBUG 28484 --- [_02vue] [http-nio-8060-exec-9] c._.d.g.mapper.GeofenceMapper.query      : ==> Parameters: 0(String)
2025-10-16T00:00:16.614+08:00 DEBUG 28484 --- [_02vue] [http-nio-8060-exec-9] c._.d.g.mapper.GeofenceMapper.query      : <==      Total: 2
2025-10-16T00:00:17.867+08:00 DEBUG 28484 --- [_02vue] [http-nio-8060-exec-10] c._.d.g.controller.GeofenceController    : 参数GeofenceQuery(id=null, name=null, status=null)
2025-10-16T00:00:17.868+08:00 DEBUG 28484 --- [_02vue] [http-nio-8060-exec-10] c._.d.g.service.impl.GeofenceImplement   : 业务层参数:GeofenceQuery(id=null, name=null, status=null)
2025-10-16T00:00:17.869+08:00 DEBUG 28484 --- [_02vue] [http-nio-8060-exec-10] c._.d.g.mapper.GeofenceMapper.query      : ==>  Preparing: SELECT id,name,position,create_time as createTime,status FROM geofence
2025-10-16T00:00:17.870+08:00 DEBUG 28484 --- [_02vue] [http-nio-8060-exec-10] c._.d.g.mapper.GeofenceMapper.query      : ==> Parameters: 
2025-10-16T00:00:17.872+08:00 DEBUG 28484 --- [_02vue] [http-nio-8060-exec-10] c._.d.g.mapper.GeofenceMapper.query      : <==      Total: 4
2025-10-16T00:00:22.256+08:00 DEBUG 28484 --- [_02vue] [http-nio-8060-exec-2] c._.d.g.controller.GeofenceController    : 参数GeofenceQuery(id=null, name=化, status=null)
2025-10-16T00:00:22.256+08:00 DEBUG 28484 --- [_02vue] [http-nio-8060-exec-2] c._.d.g.service.impl.GeofenceImplement   : 业务层参数:GeofenceQuery(id=null, name=化, status=null)
2025-10-16T00:00:22.258+08:00 DEBUG 28484 --- [_02vue] [http-nio-8060-exec-2] c._.d.g.mapper.GeofenceMapper.query      : ==>  Preparing: SELECT id,name,position,create_time as createTime,status FROM geofence WHERE name = ?
2025-10-16T00:00:22.259+08:00 DEBUG 28484 --- [_02vue] [http-nio-8060-exec-2] c._.d.g.mapper.GeofenceMapper.query      : ==> Parameters: 化(String)
2025-10-16T00:00:22.261+08:00 DEBUG 28484 --- [_02vue] [http-nio-8060-exec-2] c._.d.g.mapper.GeofenceMapper.query      : <==      Total: 0
2025-10-16T00:00:29.023+08:00 DEBUG 28484 --- [_02vue] [http-nio-8060-exec-1] c._.d.g.controller.GeofenceController    : 参数GeofenceQuery(id=null, name=, status=0)
2025-10-16T00:00:29.024+08:00 DEBUG 28484 --- [_02vue] [http-nio-8060-exec-1] c._.d.g.service.impl.GeofenceImplement   : 业务层参数:GeofenceQuery(id=null, name=, status=0)
2025-10-16T00:00:29.025+08:00 DEBUG 28484 --- [_02vue] [http-nio-8060-exec-1] c._.d.g.mapper.GeofenceMapper.query      : ==>  Preparing: SELECT id,name,position,create_time as createTime,status FROM geofence WHERE status = ?
2025-10-16T00:00:29.026+08:00 DEBUG 28484 --- [_02vue] [http-nio-8060-exec-1] c._.d.g.mapper.GeofenceMapper.query      : ==> Parameters: 0(String)
2025-10-16T00:00:29.027+08:00 DEBUG 28484 --- [_02vue] [http-nio-8060-exec-1] c._.d.g.mapper.GeofenceMapper.query      : <==      Total: 2
2025-10-16T00:00:32.890+08:00 DEBUG 28484 --- [_02vue] [http-nio-8060-exec-3] c._.d.g.controller.GeofenceController    : 参数GeofenceQuery(id=null, name=, status=1)
2025-10-16T00:00:32.890+08:00 DEBUG 28484 --- [_02vue] [http-nio-8060-exec-3] c._.d.g.service.impl.GeofenceImplement   : 业务层参数:GeofenceQuery(id=null, name=, status=1)
2025-10-16T00:00:32.893+08:00 DEBUG 28484 --- [_02vue] [http-nio-8060-exec-3] c._.d.g.mapper.GeofenceMapper.query      : ==>  Preparing: SELECT id,name,position,create_time as createTime,status FROM geofence WHERE status = ?
2025-10-16T00:00:32.893+08:00 DEBUG 28484 --- [_02vue] [http-nio-8060-exec-3] c._.d.g.mapper.GeofenceMapper.query      : ==> Parameters: 1(String)
2025-10-16T00:00:32.895+08:00 DEBUG 28484 --- [_02vue] [http-nio-8060-exec-3] c._.d.g.mapper.GeofenceMapper.query      : <==      Total: 2
2025-10-16T00:00:34.866+08:00 DEBUG 28484 --- [_02vue] [http-nio-8060-exec-5] c._.d.g.controller.GeofenceController    : 参数GeofenceQuery(id=null, name=null, status=null)
2025-10-16T00:00:34.866+08:00 DEBUG 28484 --- [_02vue] [http-nio-8060-exec-5] c._.d.g.service.impl.GeofenceImplement   : 业务层参数:GeofenceQuery(id=null, name=null, status=null)
2025-10-16T00:00:34.868+08:00 DEBUG 28484 --- [_02vue] [http-nio-8060-exec-5] c._.d.g.mapper.GeofenceMapper.query      : ==>  Preparing: SELECT id,name,position,create_time as createTime,status FROM geofence
2025-10-16T00:00:34.869+08:00 DEBUG 28484 --- [_02vue] [http-nio-8060-exec-5] c._.d.g.mapper.GeofenceMapper.query      : ==> Parameters: 
2025-10-16T00:00:34.872+08:00 DEBUG 28484 --- [_02vue] [http-nio-8060-exec-5] c._.d.g.mapper.GeofenceMapper.query      : <==      Total: 4
2025-10-16T02:29:54.158+08:00  WARN 28484 --- [_02vue] [HikariPool-1 housekeeper] com.zaxxer.hikari.pool.HikariPool        : HikariPool-1 - Thread starvation or clock leap detected (housekeeper delta=2h9m6s951ms666µs700ns).
2025-10-16T08:57:04.070+08:00  INFO 9024 --- [_02vue] [restartedMain] com._02vue.demo.Application              : Starting Application using Java 17.0.16 with PID 9024 (I:\20250820\jsd2507-ssm-advance\_02vue\target\classes started by snl19 in I:\20250820\jsd2507-ssm-advance)
2025-10-16T08:57:04.070+08:00 DEBUG 9024 --- [_02vue] [restartedMain] com._02vue.demo.Application              : Running with Spring Boot v3.3.3, Spring v6.1.12
2025-10-16T08:57:04.070+08:00  INFO 9024 --- [_02vue] [restartedMain] com._02vue.demo.Application              : No active profile set, falling back to 1 default profile: "default"
2025-10-16T08:57:04.118+08:00  INFO 9024 --- [_02vue] [restartedMain] .e.DevToolsPropertyDefaultsPostProcessor : Devtools property defaults active! Set 'spring.devtools.add-properties' to 'false' to disable
2025-10-16T08:57:04.118+08:00  INFO 9024 --- [_02vue] [restartedMain] .e.DevToolsPropertyDefaultsPostProcessor : For additional web related logging consider setting the 'logging.level.web' property to 'DEBUG'
2025-10-16T08:57:05.016+08:00  INFO 9024 --- [_02vue] [restartedMain] o.s.b.w.embedded.tomcat.TomcatWebServer  : Tomcat initialized with port 8060 (http)
2025-10-16T08:57:05.031+08:00  INFO 9024 --- [_02vue] [restartedMain] o.apache.catalina.core.StandardService   : Starting service [Tomcat]
2025-10-16T08:57:05.031+08:00  INFO 9024 --- [_02vue] [restartedMain] o.apache.catalina.core.StandardEngine    : Starting Servlet engine: [Apache Tomcat/10.1.28]
2025-10-16T08:57:05.081+08:00  INFO 9024 --- [_02vue] [restartedMain] o.a.c.c.C.[Tomcat].[localhost].[/]       : Initializing Spring embedded WebApplicationContext
2025-10-16T08:57:05.081+08:00  INFO 9024 --- [_02vue] [restartedMain] w.s.c.ServletWebServerApplicationContext : Root WebApplicationContext: initialization completed in 963 ms
2025-10-16T08:57:05.425+08:00  INFO 9024 --- [_02vue] [restartedMain] com.zaxxer.hikari.HikariDataSource       : HikariPool-1 - Starting...
2025-10-16T08:57:05.570+08:00  INFO 9024 --- [_02vue] [restartedMain] com.zaxxer.hikari.pool.HikariPool        : HikariPool-1 - Added connection com.mysql.cj.jdbc.ConnectionImpl@46898251
2025-10-16T08:57:05.581+08:00  INFO 9024 --- [_02vue] [restartedMain] com.zaxxer.hikari.HikariDataSource       : HikariPool-1 - Start completed.
2025-10-16T08:57:05.963+08:00  INFO 9024 --- [_02vue] [restartedMain] o.s.b.d.a.OptionalLiveReloadServer       : LiveReload server is running on port 35729
2025-10-16T08:57:05.994+08:00  INFO 9024 --- [_02vue] [restartedMain] o.s.b.w.embedded.tomcat.TomcatWebServer  : Tomcat started on port 8060 (http) with context path '/'
2025-10-16T08:57:06.003+08:00  INFO 9024 --- [_02vue] [restartedMain] com._02vue.demo.Application              : Started Application in 2.23 seconds (process running for 2.626)
